<?xml version="1.0" encoding="UTF-8"?>
<!-- Generated by org.testng.reporters.JUnitReportReporter -->
<testsuite hostname="GiftedBoySam" failures="0" tests="1" name="cucumber.TestNGTestRunner" time="18.136" errors="0" timestamp="2025-04-20T12:11:18 IST" skipped="0">
  <testcase classname="cucumber.TestNGTestRunner" name="runScenario" time="18.136"/>
</testsuite> <!-- cucumber.TestNGTestRunner -->
