<?xml version="1.0" encoding="UTF-8"?>
<!-- Generated by org.testng.reporters.JUnitReportReporter -->
<testsuite hostname="GiftedBoySam" failures="0" tests="1" name="sahilmalekseleniumframework.Tests.LoginErrorValidation" time="3.722" errors="0" timestamp="2025-01-16T13:02:41 IST" skipped="0">
  <testcase classname="sahilmalekseleniumframework.Tests.LoginErrorValidation" name="submitOrder" time="3.722"/>
</testsuite> <!-- sahilmalekseleniumframework.Tests.LoginErrorValidation -->
