<?xml version="1.0" encoding="UTF-8"?>
<!-- Generated by org.testng.reporters.JUnitReportReporter -->
<testsuite hostname="GiftedBoySam" failures="0" tests="2" name="sahilmalekseleniumframework.Tests.SubmitOrderTest" time="48.656" errors="0" timestamp="2025-04-10T13:29:11 IST" skipped="0">
  <testcase classname="sahilmalekseleniumframework.Tests.SubmitOrderTest" name="submitOrder" time="17.677"/>
  <testcase classname="sahilmalekseleniumframework.Tests.SubmitOrderTest" name="submitOrder" time="30.979"/>
</testsuite> <!-- sahilmalekseleniumframework.Tests.SubmitOrderTest -->
