<?xml version="1.0" encoding="UTF-8"?>
<!-- Generated by org.testng.reporters.JUnitReportReporter -->
<testsuite hostname="GiftedBoySam" failures="0" tests="1" name="sahilmalekseleniumframework.Tests.LoginErrorValidationTest" time="5.569" errors="0" timestamp="2025-02-05T11:58:07 IST" skipped="0">
  <testcase classname="sahilmalekseleniumframework.Tests.LoginErrorValidationTest" name="loginErrorValidation" time="5.569"/>
</testsuite> <!-- sahilmalekseleniumframework.Tests.LoginErrorValidationTest -->
